<?xml version="1.0" encoding="UTF-8"?>
<!-- Generated by org.testng.reporters.JUnitReportReporter -->
<testsuite hostname="DESKTOP-TNIL84B" failures="0" tests="16" name="phase2lmsapihackathon.runner.GetUserRunner" time="15.702" errors="0" timestamp="2024-04-02T02:33:20 GMT-04:00" skipped="0">
  <testcase classname="phase2lmsapihackathon.runner.GetUserRunner" name="runScenario" time="0.580"/>
  <testcase classname="phase2lmsapihackathon.runner.GetUserRunner" name="runScenario" time="0.832"/>
  <testcase classname="phase2lmsapihackathon.runner.GetUserRunner" name="runScenario" time="0.227"/>
  <testcase classname="phase2lmsapihackathon.runner.GetUserRunner" name="runScenario" time="0.195"/>
  <testcase classname="phase2lmsapihackathon.runner.GetUserRunner" name="runScenario" time="0.192"/>
  <testcase classname="phase2lmsapihackathon.runner.GetUserRunner" name="runScenario" time="0.295"/>
  <testcase classname="phase2lmsapihackathon.runner.GetUserRunner" name="runScenario" time="0.204"/>
  <testcase classname="phase2lmsapihackathon.runner.GetUserRunner" name="runScenario" time="0.232"/>
  <testcase classname="phase2lmsapihackathon.runner.GetUserRunner" name="runScenario" time="0.219"/>
  <testcase classname="phase2lmsapihackathon.runner.GetUserRunner" name="runScenario" time="1.034"/>
  <testcase classname="phase2lmsapihackathon.runner.GetUserRunner" name="runScenario" time="0.202"/>
  <testcase classname="phase2lmsapihackathon.runner.GetUserRunner" name="runScenario" time="0.229"/>
  <testcase classname="phase2lmsapihackathon.runner.GetUserRunner" name="runScenario" time="6.778"/>
  <testcase classname="phase2lmsapihackathon.runner.GetUserRunner" name="runScenario" time="1.693"/>
  <testcase classname="phase2lmsapihackathon.runner.GetUserRunner" name="runScenario" time="2.553"/>
  <testcase classname="phase2lmsapihackathon.runner.GetUserRunner" name="runScenario" time="0.237"/>
</testsuite> <!-- phase2lmsapihackathon.runner.GetUserRunner -->
